<?xml version="1.0" encoding="UTF-8"?>
<!-- Generated by org.testng.reporters.JUnitReportReporter -->
<testsuite skipped="0" hostname="Lenovo-PC" name="com.assurityapi.AssurityApiTesting.myAssurityApiTestingClass" tests="8" failures="0" timestamp="13 Jul 2022 09:26:14 GMT" time="10.090" errors="0">
  <testcase name="getResponseBody" time="4.756" classname="com.assurityapi.AssurityApiTesting.myAssurityApiTestingClass"/>
  <testcase name="getResponseStatus" time="1.504" classname="com.assurityapi.AssurityApiTesting.myAssurityApiTestingClass"/>
  <testcase name="whenLogResponseIfErrorOccurred_thenSuccess" time="0.463" classname="com.assurityapi.AssurityApiTesting.myAssurityApiTestingClass"/>
  <testcase name="getResponseHeaders" time="0.208" classname="com.assurityapi.AssurityApiTesting.myAssurityApiTestingClass"/>
  <testcase name="getResponseContentType" time="0.227" classname="com.assurityapi.AssurityApiTesting.myAssurityApiTestingClass"/>
  <testcase name="verifyName" time="1.945" classname="com.assurityapi.AssurityApiTesting.myAssurityApiTestingClass"/>
  <testcase name="verifyCanRelist" time="0.260" classname="com.assurityapi.AssurityApiTesting.myAssurityApiTestingClass"/>
  <testcase name="verifyPromotionsDescriptions" time="0.727" classname="com.assurityapi.AssurityApiTesting.myAssurityApiTestingClass"/>
</testsuite> <!-- com.assurityapi.AssurityApiTesting.myAssurityApiTestingClass -->
